[debug] [2022-09-08T13:15:20.190Z] ----------------------------------------------------------------------
[debug] [2022-09-08T13:15:20.191Z] Command:       /usr/local/bin/node /usr/local/bin/firebase deploy
[debug] [2022-09-08T13:15:20.191Z] CLI Version:   11.1.0
[debug] [2022-09-08T13:15:20.191Z] Platform:      darwin
[debug] [2022-09-08T13:15:20.191Z] Node Version:  v16.14.0
[debug] [2022-09-08T13:15:20.193Z] Time:          Thu Sep 08 2022 18:45:20 GMT+0530 (India Standard Time)
[debug] [2022-09-08T13:15:20.193Z] ----------------------------------------------------------------------
[debug] 
[debug] [2022-09-08T13:15:20.221Z] > command requires scopes: ["email","openid","https://www.googleapis.com/auth/cloudplatformprojects.readonly","https://www.googleapis.com/auth/firebase","https://www.googleapis.com/auth/cloud-platform"]
[debug] [2022-09-08T13:15:20.221Z] > authorizing via signed-in user (vrijraj2396@gmail.com)
[debug] [2022-09-08T13:15:20.221Z] [iam] checking project devfest-jalandhar for permissions ["firebase.projects.get","firebasehosting.sites.update"]
[debug] [2022-09-08T13:15:20.222Z] > refreshing access token with scopes: []
[debug] [2022-09-08T13:15:20.223Z] >>> [apiv2][query] POST https://www.googleapis.com/oauth2/v3/token [none]
[debug] [2022-09-08T13:15:20.223Z] >>> [apiv2][body] POST https://www.googleapis.com/oauth2/v3/token [omitted]
[debug] [2022-09-08T13:15:20.548Z] <<< [apiv2][status] POST https://www.googleapis.com/oauth2/v3/token 200
[debug] [2022-09-08T13:15:20.549Z] <<< [apiv2][body] POST https://www.googleapis.com/oauth2/v3/token [omitted]
[debug] [2022-09-08T13:15:20.605Z] >>> [apiv2][query] POST https://cloudresourcemanager.googleapis.com/v1/projects/devfest-jalandhar:testIamPermissions [none]
[debug] [2022-09-08T13:15:20.606Z] >>> [apiv2][body] POST https://cloudresourcemanager.googleapis.com/v1/projects/devfest-jalandhar:testIamPermissions {"permissions":["firebase.projects.get","firebasehosting.sites.update"]}
[debug] [2022-09-08T13:15:22.111Z] <<< [apiv2][status] POST https://cloudresourcemanager.googleapis.com/v1/projects/devfest-jalandhar:testIamPermissions 200
[debug] [2022-09-08T13:15:22.111Z] <<< [apiv2][body] POST https://cloudresourcemanager.googleapis.com/v1/projects/devfest-jalandhar:testIamPermissions {"permissions":["firebase.projects.get","firebasehosting.sites.update"]}
[debug] [2022-09-08T13:15:22.118Z] >>> [apiv2][query] GET https://firebase.googleapis.com/v1beta1/projects/devfest-jalandhar [none]
[debug] [2022-09-08T13:15:22.613Z] <<< [apiv2][status] GET https://firebase.googleapis.com/v1beta1/projects/devfest-jalandhar 200
[debug] [2022-09-08T13:15:22.613Z] <<< [apiv2][body] GET https://firebase.googleapis.com/v1beta1/projects/devfest-jalandhar {"projectId":"devfest-jalandhar","projectNumber":"683259417656","displayName":"devfest-jalandhar","name":"projects/devfest-jalandhar","resources":{"hostingSite":"devfest-jalandhar"},"state":"ACTIVE","etag":"1_0e898d83-6195-47a3-b7c9-f1d7f52c81e6"}
[info] 
[info] === Deploying to 'devfest-jalandhar'...
[info] 
[info] i  deploying hosting 
[debug] [2022-09-08T13:15:22.615Z] >>> [apiv2][query] GET https://firebase.googleapis.com/v1beta1/projects/devfest-jalandhar [none]
[debug] [2022-09-08T13:15:23.115Z] <<< [apiv2][status] GET https://firebase.googleapis.com/v1beta1/projects/devfest-jalandhar 200
[debug] [2022-09-08T13:15:23.115Z] <<< [apiv2][body] GET https://firebase.googleapis.com/v1beta1/projects/devfest-jalandhar {"projectId":"devfest-jalandhar","projectNumber":"683259417656","displayName":"devfest-jalandhar","name":"projects/devfest-jalandhar","resources":{"hostingSite":"devfest-jalandhar"},"state":"ACTIVE","etag":"1_0e898d83-6195-47a3-b7c9-f1d7f52c81e6"}
[debug] [2022-09-08T13:15:23.118Z] >>> [apiv2][query] POST https://firebasehosting.googleapis.com/v1beta1/projects/683259417656/sites/devfest-jalandhar/versions [none]
[debug] [2022-09-08T13:15:23.118Z] >>> [apiv2][body] POST https://firebasehosting.googleapis.com/v1beta1/projects/683259417656/sites/devfest-jalandhar/versions {"config":{"rewrites":[{"glob":"**","path":"/index.html"}]},"labels":{"deployment-tool":"cli-firebase"}}
[debug] [2022-09-08T13:15:24.652Z] <<< [apiv2][status] POST https://firebasehosting.googleapis.com/v1beta1/projects/683259417656/sites/devfest-jalandhar/versions 200
[debug] [2022-09-08T13:15:24.652Z] <<< [apiv2][body] POST https://firebasehosting.googleapis.com/v1beta1/projects/683259417656/sites/devfest-jalandhar/versions {"name":"projects/683259417656/sites/devfest-jalandhar/versions/a98af500c018c26f","status":"CREATED","config":{"rewrites":[{"glob":"**","path":"/index.html"}]},"labels":{"deployment-tool":"cli-firebase"}}
[info] i  hosting[devfest-jalandhar]: beginning deploy... 
[info] i  hosting[devfest-jalandhar]: found 85 files in dist 
[debug] [2022-09-08T13:15:24.661Z] [hosting] uploading with 200 concurrency
[debug] [2022-09-08T13:15:24.730Z] [hosting] hash cache [ZGlzdA] stored for 85 files
[debug] [2022-09-08T13:15:24.730Z] [hosting][hash queue][FINAL] {"max":44,"min":7,"avg":10.235294117647058,"active":0,"complete":85,"success":85,"errored":0,"retried":0,"total":85,"elapsed":68}
[debug] [2022-09-08T13:15:24.730Z] >>> [apiv2][query] POST https://firebasehosting.googleapis.com/v1beta1/projects/683259417656/sites/devfest-jalandhar/versions/a98af500c018c26f:populateFiles [none]
[debug] [2022-09-08T13:15:24.730Z] >>> [apiv2][body] POST https://firebasehosting.googleapis.com/v1beta1/projects/683259417656/sites/devfest-jalandhar/versions/a98af500c018c26f:populateFiles {"files":{"/manifest.json":"2264edfd2a7f584ea45fa3388b594a917852fa6d6efa9b191f91be4b113daa34","/robots.txt":"c17e70846d7031bb27102edfb33b59d1e3e40a8e8e8097af75b7766e7fffc250","/index.html":"d6fb9351ccd5557114131bb85eeb2ad758d4ff5ba0b922785c7864f156cf7058","/service-worker.js":"937b1ce7d876861e6b490080d78625c94eefa95916f7328058253aca902e7d91","/css/app.abdd2441.css":"82170601b6be227003086f1c1e9d5d70623ea165e14c4a04c9ab2e3183db591a","/precache-manifest.f01b644832bf42cd4fcba60dcf40d389.js":"c0a8f8ebcb74fd1782401106a6080660e689bb79b9b4f6ebd0cc788c7be52381","/css/chunk-606431dc.2cc99d89.css":"94647aefd85457a8c446c6d05b059e3a67728a30c3379e105a3fb687bdd7c12e","/css/PublicProfile~profile.aa35bca3.css":"62f5f4503b63771b630c6e4154a1d29330cb554b86842ffae45815c231643401","/css/FAQ.c945f31f.css":"c1427e05b9157f6750a78d6eb19d0a336507712b4950d03a04ecb74f9f99a31e","/css/chunk-8545f86a.aa35bca3.css":"62f5f4503b63771b630c6e4154a1d29330cb554b86842ffae45815c231643401","/css/schedule.674e8d4e.css":"4c737f52793e4d7985b2c052f56f1993c648a91f65e50bee694d95fecab5bcaa","/css/Registration.12bf587b.css":"9fc71614b3991693c08f7fb86a9066af0c62e60125806fb026e705762e21113c","/css/speaker-page.2cc99d89.css":"94647aefd85457a8c446c6d05b059e3a67728a30c3379e105a3fb687bdd7c12e","/css/scheduleDetails.aa35bca3.css":"62f5f4503b63771b630c6e4154a1d29330cb554b86842ffae45815c231643401","/css/PublicProfile~Registration~profile.813b56f3.css":"aa3e8fbe0eef1a4492671f8be61b0c648967917ca139d7c55fbf20b1b2685ae0","/img/Bhavani.2d42841e.jpg":"c5ecea8927cd2ab73f96415b0c954ddc7f665d410e4750a4d698e498d107de1c","/img/Dharmesh.8c3179a1.jpg":"d76fd5f28d49e928d88e662f3298baf9657b39af09afe797787e71488a205030","/img/Bhuvana.32670da1.jpg":"11e0d461df4e802719ed7893f9ce69fd230c5a878737a117f359ee73cb52659a","/img/Kathita.c3e6f2c5.jpg":"7bc01f0b84ad053ee7ee8a1a76113bd907f5e4740eba4a1409c2ed8648ef89dd","/img/Neha.aed388f6.jpg":"17b422eebc0ef76fcd93dcda89ba7ede740bfe2cbf0cc82047b0b6ff2cdd55b4","/img/Ramya.f8f5e17b.jpg":"de728f92c4ac716306db34338dc5895e35bbf608ab5e7c8dfe6019270c719e33","/img/Lavanya.94a75ee6.jpg":"5dc520c1997bf23e06859de92099da61d7ddc006d569f8ad7a0a1998f7ff291f","/img/Rashi.33393010.jpg":"4ce990f2b31eb234f6abb2635771c6998fbdca03fec4d05ad1b40df84fe11dbe","/img/Sai.6760af43.jpg":"212aa5257dc8c09d3a86e757f1b56469aa05fe6d4d9b9722aecfeb727e5445e8","/img/Shivasankari.4f4776c5.jpg":"ca82f414d9441a7ab92b17f0f7911f0d8baf7228d80ac88351e4a4176207a269","/img/Shilpa.ed39c57e.jpg":"4f137414e53e3f66d7ffac206addebe24afa907bdba4c20e5f033b4036af5e1a","/img/Vrijraj.e0aea47e.jpg":"e5a0d83fdebad47627a0f80f13f318bffb1165fe2bc796caeef8081a3ea1fac5","/img/ananya-r.9fac117f.jpg":"6e3ea007219f1ac79fa4889a23d112d58165929b98886283233f94ffd8f6a222","/img/Varsha.f0f6bb94.jpg":"7d25ccaa46ab49dd011b836db1b6016327170e9f1c3e0ca9ed4bb406347fab45","/img/maleAvatar.bc6c1a35.jpg":"4094d92c5610846e99a8acf719123d2c11576203ee1daa251b607d6cd0e2c2c0","/img/maleAvatar.4652b754.jpg":"1990d2ec42d57951c8c0fe9af9f7f332d7907db87a804dbd0167239b0e640b7c","/fonts/google-font.923a543c.woff2":"be5236fb4aeaba602a21554544571cf5763017120a5b3f16a471298d110aa381","/img/Aananya.9a64b232.jpg":"574fea42a60af0bc104ad2487b910fdba0827753831e484c2dae2996351f459f","/img/Hemadhevi.7bd1f2f1.jpg":"2095c9fa8685a2271b7ed9171657a366119cd2488481850a7da491651e60a3b1","/img/Juhi.64744cdf.jpg":"4edda01aa770826a886f301c7112f87e32a8d3b0987ada840e314c8cb569fd4b","/favicon.ico":"0d9f44993ce1ec88050f9b923b313c43978f4b087901bafca96c4434c30f7919","/img/Roza.0996126e.jpg":"87ce6ec7d760754b120ea45a3117f88056638df5ace5b553fef14c05ce8a8c38","/img/Shwetha.e81dc3ab.jpg":"9fe1209a19a82b07ad5de061e1664feb70110c3d6e4de82a6f1764b839eab335","/img/lakshya.c7623d3b.jpg":"0809aa19ece4b796f8efe05f0f97db258be455c54c3f0786b38a134ad48243c6","/img/Soumita.1dc3f6bc.jpg":"3e85bbbc5fd9f6b0b7173fe3dd0996125f90d376eb25a3b5deb7c99cb0b0531f","/img/Vandana.f30657ec.jpg":"3c6f1747c9fc55b2da074d239280951e61c925052af905955cde726cb4b36d7b","/img/Vaishnavi.1fdcdfc9.jpg":"9e5ea6c051c14679f7269a4cfb0a9944b71b84c1f6e92f0ecfb9d515893cb41c","/img/priyatiru.694df618.jpg":"065b18f44ef7c82c2eaf7ba4e3ed9b944f208e6e11d205e51e3144c45257e881","/img/Meenakshi.f476b3cc.jpg":"c894a431f162e99ffe16959270001dbeeb6fa87b196460d2f7a5e3858f7781ce","/img/sairee.a89c1db5.jpg":"c54a0637e0ee5ddbeb8e09b9e4a1470bcbc93eb952b7ab1e22681fc87ec63ac3","/img/shachi.11200790.jpg":"f7381c28666db8f3fca14c3345acacedd303a63ea021782ebce4194e3f484114","/img/icons/android-chrome-192x192.png":"e8f188961be7019876dbc3ccafc30d70bdf32633b5b47c1daf5997b0937f9382","/img/icons/apple-touch-icon-120x120.png":"178f16735a38d8643dbe3cfc7689cbab2c863694dfd61ae273488fd54fba3abb","/img/icons/apple-touch-icon-152x152.png":"af64347bee93dda69b739446d96b90d50279e125393a74eb9a4d9d21440ea480","/img/icons/apple-touch-icon-60x60.png":"da7b646d13560320ac1177238dc180064e936b788b84a73b7fedd001751cffb2","/img/icons/apple-touch-icon-180x180.png":"f6dabbec5f05cbca76296c7bba19dcb2fa18d21725e3f447c54952e72454bece","/img/icons/apple-touch-icon-76x76.png":"3629a774b8db16aab3063ba0191b5c42eb58ee855d9136f13aaa43929e8f9df4","/img/icons/favicon-16x16.png":"d81e1ac934740b266cfe73fed4f11cbf379bb1f88ef44b16e7a829e91f0eed35","/img/icons/favicon-32x32.png":"19a8cc547b41851c697bf327451f58acc062c896c1d1ec0e8ce98f3611a13d57","/img/icons/apple-touch-icon.png":"f6dabbec5f05cbca76296c7bba19dcb2fa18d21725e3f447c54952e72454bece","/img/icons/manifest.json":"f3c594f07d3cc89ff0f9a8e516a2e9218bec83f775d8580820e5a01d37457655","/img/icons/msapplication-icon-144x144.png":"91327308cd478aecbb45420739d2f1f808e8da7afadb88b1d9a66555c41f046b","/img/icons/mstile-150x150.png":"76b9c5d42b09838eefbba7d136f2476652555dc212ba84d16f7d66f306f0549e","/js/FAQ.9262a523.js":"678ee6236a4b9fb2e737bf9044334dd1f1acb9aeb5830f7fb64729e49f7b91fe","/js/PublicProfile.faf486c3.js":"02d6185fbcf105c34a61a9756fda11362a90cc8c971290941709671baa7ca859","/js/about.e4b1f778.js":"5cb168336d129e759ca94a29406035ae9b89c9b4f5aade9d382eb43c9910d627","/js/PublicProfile~profile.3672a70f.js":"30597641d3d7363e932978dc06ced0117c37c8e8cc62b21ed393f58cfd8f481b","/js/Registration.dfe26598.js":"d945a5913433a68c7bbf9cb0f293713f23597b5d567eb553a1b071f5222e67d0","/img/Aditi.7f43ff04.jpg":"bc5299b2badefca6bf1d8fccb73926d596eddf9a1e0396f59c448e58ae861580","/js/chunk-606431dc.f611f142.js":"69f4adfd8098507efc6627efffdad2835b15d4f9277f444571c044df4229a343","/js/coc.adaa087f.js":"995852250217c3277383411c749d5c257739934f79e81c5455ee19062fd24ab8","/js/chunk-8545f86a.ba0acab7.js":"5dd637918ff7077ac7231c610bacb1f2cd379acfaea8d3dee22a1e348153e9e7","/js/app.386d1cb6.js":"34a0e55675299ab3952cc133b55dd4452a43e26d9c740ab8771b7cc8d2aecb98","/js/schedule.8ef77c0d.js":"ea09f8784a652cea8aba9b596bca1ea5f807e1687b6594d83a2b9fbcb2a1f50c","/img/riya.95648198.jpg":"c47c048aeb88f2ec26b90b31e059b1cca720dc8628f5da215d8a0e748033790b","/js/profile.d8d0116e.js":"7ba4a0e99a2764e6e2ccb348b01ba0cb28b218c17f694993aaf8363fe84d577e","/img/usha.868d9312.jpg":"a8cffc19a14212ad3ff4bc541ee176388f0dde535c84373b1722cf0be0119c1d","/img/icons/android-chrome-512x512.png":"e897d1950dc460924fdeccf1f279645a39c19bace31091ba61e7f6e66275b5ba","/js/scheduleDetails.0a7bfab6.js":"612b6966403c941409b3a8a4b727127f5bf7218ae6dc9d9dfc2e78e513e6bce5","/js/speaker-page.6fe1a4e9.js":"e6322c203c8fbd61205b04bc7269bfe2edca09194d8f7d93273c54f031cc88f8","/js/speakers.eca8c36a.js":"7a72f888e67541b9688c15162ef629bbe1933f0b44dec027dfca08211baabc3f","/js/schedule~scheduleDetails~speaker-page~speakers.f8bdfee5.js":"e8b84d9ba877e8ea3f512362ea913840e1703375a6cfaf78d7615192802fd6ae","/img/icons/favicon.ico":"0d9f44993ce1ec88050f9b923b313c43978f4b087901bafca96c4434c30f7919","/img/Shubhi.f5205dcc.jpeg":"625789da834ae1dcde77fae6eb0428bc6934f97c4d8fb5532d7908460df008ff","/js/PublicProfile~Registration~profile.a42ea8b9.js":"0dd907cb1a4cf5079b7a1b73c0e27ea93e086f519c876fda4dd4d0e11cdf62c3","/img/Priyal.42e1cb9e.png":"7a534c636baf1590ae7b6d2914d0b8e25e20014348e1498018bb869db8b94805","/img/Dhrumil.96b45f84.png":"d616e1e15fa0b14450c8b4242dfa426d20f6209da90ceef3a88fb75c16381fc0","/img/Vinita.73618c52.png":"a4addddd8b31b21b9f19b0c4e21dfa2742241f96c5980bcc55b658c3cd176da8","/css/chunk-vendors.b00d3db1.css":"bc2d8dfb8aca6355bda6075df9b00fc1cd560b4f7b3f091efc49323ef579c7d1","/js/chunk-vendors.60a107f1.js":"9d6d2bcc6936698a7d719194a9de1219588b9529f4d8eff943c1b812839bfc8d"}}
[debug] [2022-09-08T13:15:26.113Z] <<< [apiv2][status] POST https://firebasehosting.googleapis.com/v1beta1/projects/683259417656/sites/devfest-jalandhar/versions/a98af500c018c26f:populateFiles 200
[debug] [2022-09-08T13:15:26.114Z] <<< [apiv2][body] POST https://firebasehosting.googleapis.com/v1beta1/projects/683259417656/sites/devfest-jalandhar/versions/a98af500c018c26f:populateFiles {"uploadRequiredHashes":["937b1ce7d876861e6b490080d78625c94eefa95916f7328058253aca902e7d91","c0a8f8ebcb74fd1782401106a6080660e689bb79b9b4f6ebd0cc788c7be52381","d6fb9351ccd5557114131bb85eeb2ad758d4ff5ba0b922785c7864f156cf7058"],"uploadUrl":"https://upload-firebasehosting.googleapis.com/upload/sites/devfest-jalandhar/versions/a98af500c018c26f/files"}
[debug] [2022-09-08T13:15:26.115Z] >>> [apiv2][query] POST https://upload-firebasehosting.googleapis.com/upload/sites/devfest-jalandhar/versions/a98af500c018c26f/files/937b1ce7d876861e6b490080d78625c94eefa95916f7328058253aca902e7d91 [none]
[debug] [2022-09-08T13:15:26.115Z] >>> [apiv2][body] POST https://upload-firebasehosting.googleapis.com/upload/sites/devfest-jalandhar/versions/a98af500c018c26f/files/937b1ce7d876861e6b490080d78625c94eefa95916f7328058253aca902e7d91 [stream]
[debug] [2022-09-08T13:15:26.116Z] >>> [apiv2][query] POST https://upload-firebasehosting.googleapis.com/upload/sites/devfest-jalandhar/versions/a98af500c018c26f/files/c0a8f8ebcb74fd1782401106a6080660e689bb79b9b4f6ebd0cc788c7be52381 [none]
[debug] [2022-09-08T13:15:26.116Z] >>> [apiv2][body] POST https://upload-firebasehosting.googleapis.com/upload/sites/devfest-jalandhar/versions/a98af500c018c26f/files/c0a8f8ebcb74fd1782401106a6080660e689bb79b9b4f6ebd0cc788c7be52381 [stream]
[debug] [2022-09-08T13:15:26.117Z] >>> [apiv2][query] POST https://upload-firebasehosting.googleapis.com/upload/sites/devfest-jalandhar/versions/a98af500c018c26f/files/d6fb9351ccd5557114131bb85eeb2ad758d4ff5ba0b922785c7864f156cf7058 [none]
[debug] [2022-09-08T13:15:26.117Z] >>> [apiv2][body] POST https://upload-firebasehosting.googleapis.com/upload/sites/devfest-jalandhar/versions/a98af500c018c26f/files/d6fb9351ccd5557114131bb85eeb2ad758d4ff5ba0b922785c7864f156cf7058 [stream]
[debug] [2022-09-08T13:15:26.118Z] [hosting][populate queue][FINAL] {"max":1397,"min":1397,"avg":1397,"active":0,"complete":1,"success":1,"errored":0,"retried":0,"total":1,"elapsed":1400}
[debug] [2022-09-08T13:15:26.118Z] [hosting] uploads queued: 3
[debug] [2022-09-08T13:15:28.051Z] <<< [apiv2][status] POST https://upload-firebasehosting.googleapis.com/upload/sites/devfest-jalandhar/versions/a98af500c018c26f/files/937b1ce7d876861e6b490080d78625c94eefa95916f7328058253aca902e7d91 200
[debug] [2022-09-08T13:15:28.052Z] <<< [apiv2][body] POST https://upload-firebasehosting.googleapis.com/upload/sites/devfest-jalandhar/versions/a98af500c018c26f/files/937b1ce7d876861e6b490080d78625c94eefa95916f7328058253aca902e7d91 [stream]
[debug] [2022-09-08T13:15:28.547Z] <<< [apiv2][status] POST https://upload-firebasehosting.googleapis.com/upload/sites/devfest-jalandhar/versions/a98af500c018c26f/files/d6fb9351ccd5557114131bb85eeb2ad758d4ff5ba0b922785c7864f156cf7058 200
[debug] [2022-09-08T13:15:28.547Z] <<< [apiv2][body] POST https://upload-firebasehosting.googleapis.com/upload/sites/devfest-jalandhar/versions/a98af500c018c26f/files/d6fb9351ccd5557114131bb85eeb2ad758d4ff5ba0b922785c7864f156cf7058 [stream]
[debug] [2022-09-08T13:15:28.598Z] <<< [apiv2][status] POST https://upload-firebasehosting.googleapis.com/upload/sites/devfest-jalandhar/versions/a98af500c018c26f/files/c0a8f8ebcb74fd1782401106a6080660e689bb79b9b4f6ebd0cc788c7be52381 200
[debug] [2022-09-08T13:15:28.598Z] <<< [apiv2][body] POST https://upload-firebasehosting.googleapis.com/upload/sites/devfest-jalandhar/versions/a98af500c018c26f/files/c0a8f8ebcb74fd1782401106a6080660e689bb79b9b4f6ebd0cc788c7be52381 [stream]
[debug] [2022-09-08T13:15:28.599Z] [hosting][upload queue][FINAL] {"max":2484,"min":1938,"avg":2284.6666666666665,"active":0,"complete":3,"success":3,"errored":0,"retried":0,"total":3,"elapsed":2485}
[info] ✔  hosting[devfest-jalandhar]: file upload complete 
[debug] [2022-09-08T13:15:28.599Z] [hosting] deploy completed after 3947ms
[debug] [2022-09-08T13:15:28.602Z] [
  {
    "config": {
      "public": "dist",
      "ignore": [
        "firebase.json",
        "**/.*",
        "**/node_modules/**"
      ],
      "rewrites": [
        {
          "source": "**",
          "destination": "/index.html"
        }
      ],
      "site": "devfest-jalandhar"
    },
    "site": "devfest-jalandhar",
    "version": "projects/683259417656/sites/devfest-jalandhar/versions/a98af500c018c26f"
  }
]
[info] i  hosting[devfest-jalandhar]: finalizing version... 
[debug] [2022-09-08T13:15:28.603Z] >>> [apiv2][query] PATCH https://firebasehosting.googleapis.com/v1beta1/projects/683259417656/sites/devfest-jalandhar/versions/a98af500c018c26f updateMask=status%2Cconfig
[debug] [2022-09-08T13:15:28.603Z] >>> [apiv2][body] PATCH https://firebasehosting.googleapis.com/v1beta1/projects/683259417656/sites/devfest-jalandhar/versions/a98af500c018c26f {"status":"FINALIZED","config":{"rewrites":[{"glob":"**","path":"/index.html"}]}}
[debug] [2022-09-08T13:15:29.950Z] <<< [apiv2][status] PATCH https://firebasehosting.googleapis.com/v1beta1/projects/683259417656/sites/devfest-jalandhar/versions/a98af500c018c26f 200
[debug] [2022-09-08T13:15:29.951Z] <<< [apiv2][body] PATCH https://firebasehosting.googleapis.com/v1beta1/projects/683259417656/sites/devfest-jalandhar/versions/a98af500c018c26f {"name":"projects/683259417656/sites/devfest-jalandhar/versions/a98af500c018c26f","status":"FINALIZED","config":{"rewrites":[{"glob":"**","path":"/index.html"}]},"labels":{"deployment-tool":"cli-firebase"},"createTime":"2022-09-08T13:15:24.122786Z","createUser":{"email":"vrijraj2396@gmail.com"},"finalizeTime":"2022-09-08T13:15:29.899174Z","finalizeUser":{"email":"vrijraj2396@gmail.com"}}
[debug] [2022-09-08T13:15:29.951Z] [hosting] finalized version for devfest-jalandhar:[object Object]
[info] ✔  hosting[devfest-jalandhar]: version finalized 
[info] i  hosting[devfest-jalandhar]: releasing new version... 
[debug] [2022-09-08T13:15:29.952Z] >>> [apiv2][query] POST https://firebasehosting.googleapis.com/v1beta1/projects/683259417656/sites/devfest-jalandhar/releases versionName=projects%2F683259417656%2Fsites%2Fdevfest-jalandhar%2Fversions%2Fa98af500c018c26f
[debug] [2022-09-08T13:15:29.952Z] >>> [apiv2][body] POST https://firebasehosting.googleapis.com/v1beta1/projects/683259417656/sites/devfest-jalandhar/releases {"message":null}
